[debug] [2022-06-17T04:23:34.486Z] ----------------------------------------------------------------------
[debug] [2022-06-17T04:23:34.487Z] Command:       /Users/wisnu/.nvm/versions/node/v14.19.3/bin/node /Users/wisnu/.nvm/versions/node/v14.19.3/bin/firebase init
[debug] [2022-06-17T04:23:34.487Z] CLI Version:   11.1.0
[debug] [2022-06-17T04:23:34.487Z] Platform:      darwin
[debug] [2022-06-17T04:23:34.488Z] Node Version:  v14.19.3
[debug] [2022-06-17T04:23:34.488Z] Time:          Fri Jun 17 2022 11:23:34 GMT+0700 (Western Indonesia Time)
[debug] [2022-06-17T04:23:34.488Z] ----------------------------------------------------------------------
[debug] 
[debug] [2022-06-17T04:23:34.495Z] > command requires scopes: ["email","openid","https://www.googleapis.com/auth/cloudplatformprojects.readonly","https://www.googleapis.com/auth/firebase","https://www.googleapis.com/auth/cloud-platform"]
[debug] [2022-06-17T04:23:34.495Z] > authorizing via signed-in user (wisnuvb@gmail.com)
[info] 
     ######## #### ########  ######## ########     ###     ######  ########
     ##        ##  ##     ## ##       ##     ##  ##   ##  ##       ##
     ######    ##  ########  ######   ########  #########  ######  ######
     ##        ##  ##    ##  ##       ##     ## ##     ##       ## ##
     ##       #### ##     ## ######## ########  ##     ##  ######  ########

You're about to initialize a Firebase project in this directory:

  /Users/wisnu/Learn Space/netflix-react-tailwind

[info] 
=== Project Setup
[info] 
[info] First, let's associate this project directory with a Firebase project.
[info] You can create multiple project aliases by running firebase use --add, 
[info] but for now we'll just set up a default project.
[info] 
[debug] [2022-06-17T04:25:47.122Z] >>> [apiv2][query] GET https://firebase.googleapis.com/v1beta1/projects pageSize=100
[debug] [2022-06-17T04:25:47.862Z] <<< [apiv2][status] GET https://firebase.googleapis.com/v1beta1/projects 200
[debug] [2022-06-17T04:25:47.862Z] <<< [apiv2][body] GET https://firebase.googleapis.com/v1beta1/projects [omitted]
[info] i  Using project dev-itrans-99c8c (Dev ITrans) 
[info] 
=== Hosting Setup
[info] 
[info] Your public directory is the folder (relative to your project directory) that
[info] will contain Hosting assets to be uploaded with firebase deploy. If you
[info] have a build process for your assets, use your build's output directory.
[info] 
[debug] [2022-06-17T04:28:27.886Z] >>> [apiv2][query] GET https://www.gstatic.com/firebasejs/releases.json [none]
[debug] [2022-06-17T04:28:28.071Z] <<< [apiv2][status] GET https://www.gstatic.com/firebasejs/releases.json 200
[debug] [2022-06-17T04:28:28.071Z] <<< [apiv2][body] GET https://www.gstatic.com/firebasejs/releases.json {"current":{"version":"9.8.3","browserURL":"https://www.gstatic.com/firebasejs/9.8.3/firebase.js","packageURL":"https://www.gstatic.com/firebasejs/9.8.3/firebase.tgz"},"live":{"version":"9.8","browserURL":"https://www.gstatic.com/firebasejs/live/9.8/firebase.js","packageURL":"https://www.gstatic.com/firebasejs/live/9.8/firebase.tgz"},"components":{"analytics":"https://www.gstatic.com/firebasejs/9.8.3/firebase-analytics.js","app":"https://www.gstatic.com/firebasejs/9.8.3/firebase-app.js","app-check":"https://www.gstatic.com/firebasejs/9.8.3/firebase-app-check.js","auth":"https://www.gstatic.com/firebasejs/9.8.3/firebase-auth.js","auth/cordova":"https://www.gstatic.com/firebasejs/9.8.3/firebase-auth/cordova.js","auth/react-native":"https://www.gstatic.com/firebasejs/9.8.3/firebase-auth/react-native.js","functions":"https://www.gstatic.com/firebasejs/9.8.3/firebase-functions.js","firestore":"https://www.gstatic.com/firebasejs/9.8.3/firebase-firestore.js","firestore/lite":"https://www.gstatic.com/firebasejs/9.8.3/firebase-firestore/lite.js","storage":"https://www.gstatic.com/firebasejs/9.8.3/firebase-storage.js","performance":"https://www.gstatic.com/firebasejs/9.8.3/firebase-performance.js","remote-config":"https://www.gstatic.com/firebasejs/9.8.3/firebase-remote-config.js","messaging":"https://www.gstatic.com/firebasejs/9.8.3/firebase-messaging.js","messaging/sw":"https://www.gstatic.com/firebasejs/9.8.3/firebase-messaging/sw.js","database":"https://www.gstatic.com/firebasejs/9.8.3/firebase-database.js","firestore.memory":"https://www.gstatic.com/firebasejs/9.8.3/firebase-firestore.memory.js"}}
[info] ✔  Wrote public/index.html 
[info] 
[info] i  Detected a .git folder at /Users/wisnu/Learn Space/netflix-react-tailwind 
[info] i  Authorizing with GitHub to upload your service account to a GitHub repository's secrets store. 
[info] 
[info] Visit this URL on this device to log in:
[info] https://github.com/login/oauth/authorize?client_id=89cf50f02ac6aaed3484&state=585006701&redirect_uri=http%3A%2F%2Flocalhost%3A9005&scope=read%3Auser%20repo%20public_repo
[info] 
[info] Waiting for authentication...
[debug] [2022-06-17T04:28:51.372Z] >>> [apiv2][query] POST https://github.com/login/oauth/access_token [none]
[debug] [2022-06-17T04:28:51.373Z] >>> [apiv2][body] POST https://github.com/login/oauth/access_token [stream]
[debug] [2022-06-17T04:28:51.972Z] <<< [apiv2][status] POST https://github.com/login/oauth/access_token 200
[debug] [2022-06-17T04:28:51.972Z] <<< [apiv2][body] POST https://github.com/login/oauth/access_token {"access_token":"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","token_type":"bearer","scope":"read:user,repo"}
[debug] [2022-06-17T04:28:51.982Z] >>> [apiv2][query] GET https://api.github.com/user [none]
[debug] [2022-06-17T04:28:52.636Z] <<< [apiv2][status] GET https://api.github.com/user 200
[debug] [2022-06-17T04:28:52.636Z] <<< [apiv2][body] GET https://api.github.com/user {"login":"wisnuvb","id":3140168,"node_id":"MDQ6VXNlcjMxNDAxNjg=","avatar_url":"https://avatars.githubusercontent.com/u/3140168?v=4","gravatar_id":"","url":"https://api.github.com/users/wisnuvb","html_url":"https://github.com/wisnuvb","followers_url":"https://api.github.com/users/wisnuvb/followers","following_url":"https://api.github.com/users/wisnuvb/following{/other_user}","gists_url":"https://api.github.com/users/wisnuvb/gists{/gist_id}","starred_url":"https://api.github.com/users/wisnuvb/starred{/owner}{/repo}","subscriptions_url":"https://api.github.com/users/wisnuvb/subscriptions","organizations_url":"https://api.github.com/users/wisnuvb/orgs","repos_url":"https://api.github.com/users/wisnuvb/repos","events_url":"https://api.github.com/users/wisnuvb/events{/privacy}","received_events_url":"https://api.github.com/users/wisnuvb/received_events","type":"User","site_admin":false,"name":"Wisnu Pramono. E.S","company":"Tipamedia","blog":"https://tipa.co.id","location":"Kota Depok","email":"wisnuvb@gmail.com","hireable":true,"bio":"I Love IT","twitter_username":null,"public_repos":4,"public_gists":0,"followers":18,"following":8,"created_at":"2012-12-28T07:41:43Z","updated_at":"2022-05-13T02:48:07Z","private_gists":0,"total_private_repos":1,"owned_private_repos":1,"disk_usage":20461,"collaborators":0,"two_factor_authentication":false,"plan":{"name":"free","space":976562499,"collaborators":0,"private_repos":10000}}
[info] 
[info] ✔  Success! Logged into GitHub as wisnuvb 
[info] 
[debug] [2022-06-17T04:29:59.606Z] >>> [apiv2][query] GET https://api.github.com/repos//actions/secrets/public-key type=owner
[debug] [2022-06-17T04:30:00.048Z] <<< [apiv2][status] GET https://api.github.com/repos//actions/secrets/public-key 404
[debug] [2022-06-17T04:30:00.048Z] <<< [apiv2][body] GET https://api.github.com/repos//actions/secrets/public-key {"message":"Not Found","documentation_url":"https://docs.github.com/rest"}
[debug] [2022-06-17T04:30:09.723Z] >>> [apiv2][query] GET https://api.github.com/repos/wisnuvb/actions/secrets/public-key type=owner
[debug] [2022-06-17T04:30:10.247Z] <<< [apiv2][status] GET https://api.github.com/repos/wisnuvb/actions/secrets/public-key 404
[debug] [2022-06-17T04:30:10.247Z] <<< [apiv2][body] GET https://api.github.com/repos/wisnuvb/actions/secrets/public-key {"message":"Not Found","documentation_url":"https://docs.github.com/rest"}
[debug] [2022-06-17T04:30:10.968Z] >>> [apiv2][query] GET https://api.github.com/repos/wisnuvb/actions/secrets/public-key type=owner
[debug] [2022-06-17T04:30:11.277Z] >>> [apiv2][query] GET https://api.github.com/repos//actions/secrets/public-key type=owner
[debug] [2022-06-17T04:30:11.385Z] <<< [apiv2][status] GET https://api.github.com/repos/wisnuvb/actions/secrets/public-key 404
[debug] [2022-06-17T04:30:11.385Z] <<< [apiv2][body] GET https://api.github.com/repos/wisnuvb/actions/secrets/public-key {"message":"Not Found","documentation_url":"https://docs.github.com/rest"}
[debug] [2022-06-17T04:30:11.570Z] >>> [apiv2][query] GET https://api.github.com/repos/wisnuvb/actions/secrets/public-key type=owner
[debug] [2022-06-17T04:30:11.666Z] <<< [apiv2][status] GET https://api.github.com/repos//actions/secrets/public-key 404
[debug] [2022-06-17T04:30:11.666Z] <<< [apiv2][body] GET https://api.github.com/repos//actions/secrets/public-key {"message":"Not Found","documentation_url":"https://docs.github.com/rest"}
[debug] [2022-06-17T04:30:11.992Z] <<< [apiv2][status] GET https://api.github.com/repos/wisnuvb/actions/secrets/public-key 404
[debug] [2022-06-17T04:30:11.993Z] <<< [apiv2][body] GET https://api.github.com/repos/wisnuvb/actions/secrets/public-key {"message":"Not Found","documentation_url":"https://docs.github.com/rest"}
[debug] [2022-06-17T04:30:19.372Z] >>> [apiv2][query] GET https://api.github.com/repos/user/actions/secrets/public-key type=owner
[debug] [2022-06-17T04:30:19.977Z] <<< [apiv2][status] GET https://api.github.com/repos/user/actions/secrets/public-key 404
[debug] [2022-06-17T04:30:19.977Z] <<< [apiv2][body] GET https://api.github.com/repos/user/actions/secrets/public-key {"message":"Not Found","documentation_url":"https://docs.github.com/rest"}
